
> project-node@0.0.0 start /home/ubuntu/team_project/project_node
> nodemon app.js

[33m[nodemon] 2.0.16[39m
[33m[nodemon] to restart at any time, enter `rs`[39m
[33m[nodemon] watching path(s): *.*[39m
[33m[nodemon] watching extensions: js,mjs,json[39m
[32m[nodemon] starting `node app.js`[39m
events.js:174
      throw er; // Unhandled 'error' event
      ^

Error: EBADF: bad file descriptor, read
Emitted 'error' event at:
    at lazyFs.read (internal/fs/streams.js:165:12)
    at FSReqWrap.wrapper [as oncomplete] (fs.js:467:17)
npm ERR! code ELIFECYCLE
npm ERR! errno 1
npm ERR! project-node@0.0.0 start: `nodemon app.js`
npm ERR! Exit status 1
npm ERR! 
npm ERR! Failed at the project-node@0.0.0 start script.
npm ERR! This is probably not a problem with npm. There is likely additional logging output above.

npm ERR! A complete log of this run can be found in:
npm ERR!     /root/.npm/_logs/2022-06-06T13_28_52_212Z-debug.log

> project-node@0.0.0 start /home/ubuntu/team_project/project_node
> nodemon app.js

[33m[nodemon] 2.0.16[39m
[33m[nodemon] to restart at any time, enter `rs`[39m
[33m[nodemon] watching path(s): *.*[39m
[33m[nodemon] watching extensions: js,mjs,json[39m
[32m[nodemon] starting `node app.js`[39m
events.js:174
      throw er; // Unhandled 'error' event
      ^

Error: EBADF: bad file descriptor, read
Emitted 'error' event at:
    at lazyFs.read (internal/fs/streams.js:165:12)
    at FSReqWrap.wrapper [as oncomplete] (fs.js:467:17)
npm ERR! code ELIFECYCLE
npm ERR! errno 1
npm ERR! project-node@0.0.0 start: `nodemon app.js`
npm ERR! Exit status 1
npm ERR! 
npm ERR! Failed at the project-node@0.0.0 start script.
npm ERR! This is probably not a problem with npm. There is likely additional logging output above.

npm ERR! A complete log of this run can be found in:
npm ERR!     /root/.npm/_logs/2022-06-06T13_29_50_120Z-debug.log

> project-node@0.0.0 start /home/ubuntu/team_project/project_node
> nodemon app.js

[33m[nodemon] 2.0.16[39m
[33m[nodemon] to restart at any time, enter `rs`[39m
[33m[nodemon] watching path(s): *.*[39m
[33m[nodemon] watching extensions: js,mjs,json[39m
[32m[nodemon] starting `node app.js`[39m
events.js:174
      throw er; // Unhandled 'error' event
      ^

Error: EBADF: bad file descriptor, read
Emitted 'error' event at:
    at lazyFs.read (internal/fs/streams.js:165:12)
    at FSReqWrap.wrapper [as oncomplete] (fs.js:467:17)
npm ERR! code ELIFECYCLE
npm ERR! errno 1
npm ERR! project-node@0.0.0 start: `nodemon app.js`
npm ERR! Exit status 1
npm ERR! 
npm ERR! Failed at the project-node@0.0.0 start script.
npm ERR! This is probably not a problem with npm. There is likely additional logging output above.

npm ERR! A complete log of this run can be found in:
npm ERR!     /root/.npm/_logs/2022-06-06T13_32_18_308Z-debug.log

> project-node@0.0.0 start /home/ubuntu/team_project/project_node
> nodemon app.js

[33m[nodemon] 2.0.16[39m
[33m[nodemon] to restart at any time, enter `rs`[39m
[33m[nodemon] watching path(s): *.*[39m
[33m[nodemon] watching extensions: js,mjs,json[39m
[32m[nodemon] starting `node app.js`[39m
events.js:174
      throw er; // Unhandled 'error' event
      ^

Error: EBADF: bad file descriptor, read
Emitted 'error' event at:
    at lazyFs.read (internal/fs/streams.js:165:12)
    at FSReqWrap.wrapper [as oncomplete] (fs.js:467:17)
npm ERR! code ELIFECYCLE
npm ERR! errno 1
npm ERR! project-node@0.0.0 start: `nodemon app.js`
npm ERR! Exit status 1
npm ERR! 
npm ERR! Failed at the project-node@0.0.0 start script.
npm ERR! This is probably not a problem with npm. There is likely additional logging output above.

npm ERR! A complete log of this run can be found in:
npm ERR!     /root/.npm/_logs/2022-06-06T13_36_27_807Z-debug.log
Express server listening on port8080
[0mGET / [36m304 [0m11.848 ms - -[0m
[0mGET /stylesheets/style.css [36m304 [0m1.629 ms - -[0m
[0mGET / [32m200 [0m1.491 ms - 207[0m
[0mGET /stylesheets/style.css [32m200 [0m2.657 ms - 111[0m
[0mGET /favicon.ico [33m404 [0m1.461 ms - 1083[0m
[0mGET / [32m200 [0m0.753 ms - 207[0m
[0mGET /stylesheets/style.css [32m200 [0m0.631 ms - 111[0m
[0mGET /favicon.ico [33m404 [0m0.899 ms - 1083[0m
[0mGET / [36m304 [0m0.757 ms - -[0m
[0mGET /stylesheets/style.css [36m304 [0m0.402 ms - -[0m
[0mGET / [32m200 [0m0.768 ms - 207[0m
[0mGET / [32m200 [0m0.704 ms - 207[0m
[0mGET /stylesheets/style.css [32m200 [0m0.448 ms - 111[0m
[0mGET /favicon.ico [33m404 [0m0.801 ms - 1083[0m
[0mGET / [36m304 [0m0.808 ms - -[0m
[0mGET /stylesheets/style.css [36m304 [0m0.335 ms - -[0m
[0mGET /hunmj_serverApi/test.php [33m404 [0m0.853 ms - 1083[0m
[0mGET /.env [33m404 [0m0.754 ms - 1083[0m
[0mPOST / [33m404 [0m850.525 ms - 1083[0m
[0mGET / [32m200 [0m0.638 ms - 207[0m
[0mGET /.env [33m404 [0m0.686 ms - 1083[0m
[0mGET / [31m500 [0m2.587 ms - 1419[0m
Error: Failed to lookup view "error" in views directory "/home/ubuntu/team_project/project_node/views"
    at Function.render (/home/ubuntu/team_project/project_node/node_modules/express/lib/application.js:580:17)
    at ServerResponse.render (/home/ubuntu/team_project/project_node/node_modules/express/lib/response.js:1008:7)
    at /home/ubuntu/team_project/project_node/app.js:40:7
    at Layer.handle_error (/home/ubuntu/team_project/project_node/node_modules/express/lib/router/layer.js:71:5)
    at trim_prefix (/home/ubuntu/team_project/project_node/node_modules/express/lib/router/index.js:315:13)
    at /home/ubuntu/team_project/project_node/node_modules/express/lib/router/index.js:284:7
    at Function.process_params (/home/ubuntu/team_project/project_node/node_modules/express/lib/router/index.js:335:12)
    at next (/home/ubuntu/team_project/project_node/node_modules/express/lib/router/index.js:275:10)
    at Layer.handle_error (/home/ubuntu/team_project/project_node/node_modules/express/lib/router/layer.js:67:12)
    at trim_prefix (/home/ubuntu/team_project/project_node/node_modules/express/lib/router/index.js:315:13)
[0mGET / [31m500 [0m0.927 ms - 1419[0m
Error: Failed to lookup view "error" in views directory "/home/ubuntu/team_project/project_node/views"
    at Function.render (/home/ubuntu/team_project/project_node/node_modules/express/lib/application.js:580:17)
    at ServerResponse.render (/home/ubuntu/team_project/project_node/node_modules/express/lib/response.js:1008:7)
    at /home/ubuntu/team_project/project_node/app.js:40:7
    at Layer.handle_error (/home/ubuntu/team_project/project_node/node_modules/express/lib/router/layer.js:71:5)
    at trim_prefix (/home/ubuntu/team_project/project_node/node_modules/express/lib/router/index.js:315:13)
    at /home/ubuntu/team_project/project_node/node_modules/express/lib/router/index.js:284:7
    at Function.process_params (/home/ubuntu/team_project/project_node/node_modules/express/lib/router/index.js:335:12)
    at next (/home/ubuntu/team_project/project_node/node_modules/express/lib/router/index.js:275:10)
    at Layer.handle_error (/home/ubuntu/team_project/project_node/node_modules/express/lib/router/layer.js:67:12)
    at trim_prefix (/home/ubuntu/team_project/project_node/node_modules/express/lib/router/index.js:315:13)
events.js:174
      throw er; // Unhandled 'error' event
      ^

Error: listen EADDRINUSE: address already in use :::8080
    at Server.setupListenHandle [as _listen2] (net.js:1280:14)
    at listenInCluster (net.js:1328:12)
    at Server.listen (net.js:1415:7)
    at Function.listen (/home/ubuntu/ostProject1/project_node/node_modules/express/lib/application.js:618:24)
    at Object.<anonymous> (/home/ubuntu/ostProject1/project_node/app.js:45:18)
    at Module._compile (internal/modules/cjs/loader.js:778:30)
    at Object.Module._extensions..js (internal/modules/cjs/loader.js:789:10)
    at Module.load (internal/modules/cjs/loader.js:653:32)
    at tryModuleLoad (internal/modules/cjs/loader.js:593:12)
    at Function.Module._load (internal/modules/cjs/loader.js:585:3)
Emitted 'error' event at:
    at emitErrorNT (net.js:1307:8)
    at process._tickCallback (internal/process/next_tick.js:63:19)
    at Function.Module.runMain (internal/modules/cjs/loader.js:834:11)
    at startup (internal/bootstrap/node.js:283:19)
    at bootstrapNodeJSCore (internal/bootstrap/node.js:623:3)
[0mGET / [31m500 [0m0.800 ms - 1419[0m
Error: Failed to lookup view "error" in views directory "/home/ubuntu/team_project/project_node/views"
    at Function.render (/home/ubuntu/team_project/project_node/node_modules/express/lib/application.js:580:17)
    at ServerResponse.render (/home/ubuntu/team_project/project_node/node_modules/express/lib/response.js:1008:7)
    at /home/ubuntu/team_project/project_node/app.js:40:7
    at Layer.handle_error (/home/ubuntu/team_project/project_node/node_modules/express/lib/router/layer.js:71:5)
    at trim_prefix (/home/ubuntu/team_project/project_node/node_modules/express/lib/router/index.js:315:13)
    at /home/ubuntu/team_project/project_node/node_modules/express/lib/router/index.js:284:7
    at Function.process_params (/home/ubuntu/team_project/project_node/node_modules/express/lib/router/index.js:335:12)
    at next (/home/ubuntu/team_project/project_node/node_modules/express/lib/router/index.js:275:10)
    at Layer.handle_error (/home/ubuntu/team_project/project_node/node_modules/express/lib/router/layer.js:67:12)
    at trim_prefix (/home/ubuntu/team_project/project_node/node_modules/express/lib/router/index.js:315:13)
[0mGET / [31m500 [0m1.014 ms - 1419[0m
Error: Failed to lookup view "error" in views directory "/home/ubuntu/team_project/project_node/views"
    at Function.render (/home/ubuntu/team_project/project_node/node_modules/express/lib/application.js:580:17)
    at ServerResponse.render (/home/ubuntu/team_project/project_node/node_modules/express/lib/response.js:1008:7)
    at /home/ubuntu/team_project/project_node/app.js:40:7
    at Layer.handle_error (/home/ubuntu/team_project/project_node/node_modules/express/lib/router/layer.js:71:5)
    at trim_prefix (/home/ubuntu/team_project/project_node/node_modules/express/lib/router/index.js:315:13)
    at /home/ubuntu/team_project/project_node/node_modules/express/lib/router/index.js:284:7
    at Function.process_params (/home/ubuntu/team_project/project_node/node_modules/express/lib/router/index.js:335:12)
    at next (/home/ubuntu/team_project/project_node/node_modules/express/lib/router/index.js:275:10)
    at Layer.handle_error (/home/ubuntu/team_project/project_node/node_modules/express/lib/router/layer.js:67:12)
    at trim_prefix (/home/ubuntu/team_project/project_node/node_modules/express/lib/router/index.js:315:13)
[0mGET / [31m500 [0m0.801 ms - 1419[0m
Error: Failed to lookup view "error" in views directory "/home/ubuntu/team_project/project_node/views"
    at Function.render (/home/ubuntu/team_project/project_node/node_modules/express/lib/application.js:580:17)
    at ServerResponse.render (/home/ubuntu/team_project/project_node/node_modules/express/lib/response.js:1008:7)
    at /home/ubuntu/team_project/project_node/app.js:40:7
    at Layer.handle_error (/home/ubuntu/team_project/project_node/node_modules/express/lib/router/layer.js:71:5)
    at trim_prefix (/home/ubuntu/team_project/project_node/node_modules/express/lib/router/index.js:315:13)
    at /home/ubuntu/team_project/project_node/node_modules/express/lib/router/index.js:284:7
    at Function.process_params (/home/ubuntu/team_project/project_node/node_modules/express/lib/router/index.js:335:12)
    at next (/home/ubuntu/team_project/project_node/node_modules/express/lib/router/index.js:275:10)
    at Layer.handle_error (/home/ubuntu/team_project/project_node/node_modules/express/lib/router/layer.js:67:12)
    at trim_prefix (/home/ubuntu/team_project/project_node/node_modules/express/lib/router/index.js:315:13)
[0mGET / [31m500 [0m1.045 ms - 1419[0m
Error: Failed to lookup view "error" in views directory "/home/ubuntu/team_project/project_node/views"
    at Function.render (/home/ubuntu/team_project/project_node/node_modules/express/lib/application.js:580:17)
    at ServerResponse.render (/home/ubuntu/team_project/project_node/node_modules/express/lib/response.js:1008:7)
    at /home/ubuntu/team_project/project_node/app.js:40:7
    at Layer.handle_error (/home/ubuntu/team_project/project_node/node_modules/express/lib/router/layer.js:71:5)
    at trim_prefix (/home/ubuntu/team_project/project_node/node_modules/express/lib/router/index.js:315:13)
    at /home/ubuntu/team_project/project_node/node_modules/express/lib/router/index.js:284:7
    at Function.process_params (/home/ubuntu/team_project/project_node/node_modules/express/lib/router/index.js:335:12)
    at next (/home/ubuntu/team_project/project_node/node_modules/express/lib/router/index.js:275:10)
    at Layer.handle_error (/home/ubuntu/team_project/project_node/node_modules/express/lib/router/layer.js:67:12)
    at trim_prefix (/home/ubuntu/team_project/project_node/node_modules/express/lib/router/index.js:315:13)

> project-node@0.0.0 start /home/ubuntu/ostProject1/project_node
> nodemon app.js

[33m[nodemon] 2.0.16[39m
[33m[nodemon] to restart at any time, enter `rs`[39m
[33m[nodemon] watching path(s): *.*[39m
[33m[nodemon] watching extensions: js,mjs,json[39m
[32m[nodemon] starting `node app.js`[39m
events.js:174
      throw er; // Unhandled 'error' event
      ^

Error: EBADF: bad file descriptor, read
Emitted 'error' event at:
    at lazyFs.read (internal/fs/streams.js:165:12)
    at FSReqWrap.wrapper [as oncomplete] (fs.js:467:17)
npm ERR! code ELIFECYCLE
npm ERR! errno 1
npm ERR! project-node@0.0.0 start: `nodemon app.js`
npm ERR! Exit status 1
npm ERR! 
npm ERR! Failed at the project-node@0.0.0 start script.
npm ERR! This is probably not a problem with npm. There is likely additional logging output above.

npm ERR! A complete log of this run can be found in:
npm ERR!     /root/.npm/_logs/2022-06-06T15_37_07_349Z-debug.log

Usage: npm <command>

where <command> is one of:
    access, adduser, audit, bin, bugs, c, cache, ci, cit,
    clean-install, clean-install-test, completion, config,
    create, ddp, dedupe, deprecate, dist-tag, docs, doctor,
    edit, explore, fund, get, help, help-search, hook, i, init,
    install, install-ci-test, install-test, it, link, list, ln,
    login, logout, ls, org, outdated, owner, pack, ping, prefix,
    profile, prune, publish, rb, rebuild, repo, restart, root,
    run, run-script, s, se, search, set, shrinkwrap, star,
    stars, start, stop, t, team, test, token, tst, un,
    uninstall, unpublish, unstar, up, update, v, version, view,
    whoami

npm <command> -h  quick help on <command>
npm -l            display full usage info
npm help <term>   search for help on <term>
npm help npm      involved overview

Specify configs in the ini-formatted file:
    /root/.npmrc
or on the command line via: npm <command> --key value
Config info can be viewed via: npm help config

npm@6.14.4 /usr/share/npm


> project-node@0.0.0 start /home/ubuntu/ostProject1/project_node
> nodemon app.js

[33m[nodemon] 2.0.16[39m
[33m[nodemon] to restart at any time, enter `rs`[39m
[33m[nodemon] watching path(s): *.*[39m
[33m[nodemon] watching extensions: js,mjs,json[39m
[32m[nodemon] starting `node app.js`[39m
events.js:174
      throw er; // Unhandled 'error' event
      ^

Error: EBADF: bad file descriptor, read
Emitted 'error' event at:
    at lazyFs.read (internal/fs/streams.js:165:12)
    at FSReqWrap.wrapper [as oncomplete] (fs.js:467:17)
npm ERR! code ELIFECYCLE
npm ERR! errno 1
npm ERR! project-node@0.0.0 start: `nodemon app.js`
npm ERR! Exit status 1
npm ERR! 
npm ERR! Failed at the project-node@0.0.0 start script.
npm ERR! This is probably not a problem with npm. There is likely additional logging output above.

npm ERR! A complete log of this run can be found in:
npm ERR!     /root/.npm/_logs/2022-06-06T15_38_11_812Z-debug.log
Express server listening on port8080
[0mGET / [36m304 [0m12.448 ms - -[0m
[0mGET /stylesheets/style.css [36m304 [0m1.604 ms - -[0m
[0mGET / [32m200 [0m1.475 ms - 207[0m
[0mGET /stylesheets/style.css [32m200 [0m2.767 ms - 111[0m
[0mGET /favicon.ico [33m404 [0m1.622 ms - 1073[0m
[0mGET / [32m200 [0m1.188 ms - 207[0m
[0mGET / [32m200 [0m0.574 ms - 207[0m
[0mGET / [32m200 [0m0.731 ms - 207[0m
[0mGET / [32m200 [0m0.760 ms - 207[0m
[0mGET /stylesheets/style.css [32m200 [0m0.750 ms - 111[0m
[0mGET /favicon.ico [33m404 [0m1.086 ms - 1073[0m
[0mGET / [32m200 [0m0.726 ms - 207[0m
[0mGET /stylesheets/style.css [32m200 [0m0.538 ms - 111[0m
[0mGET /favicon.ico [33m404 [0m0.858 ms - 1073[0m
[0mGET / [32m200 [0m0.709 ms - 207[0m
[0mGET /.env [33m404 [0m0.812 ms - 1073[0m
[0mPOST / [33m404 [0m37.536 ms - 1073[0m
[0mGET / [32m200 [0m0.659 ms - 207[0m
[0mGET / [32m200 [0m0.628 ms - 207[0m
[0mGET /showLogin.cc [33m404 [0m0.799 ms - 1073[0m
[0mGET / [32m200 [0m0.672 ms - 207[0m
[0mGET / [32m200 [0m0.669 ms - 207[0m
[0mGET http://example.com/ [32m200 [0m0.708 ms - 207[0m
[0mGET / [32m200 [0m0.686 ms - 207[0m
[0mGET / [0m- [0m- ms - -[0m
[0mGET / [32m200 [0m0.691 ms - 207[0m
[0mGET /ecp/Current/exporttool/microsoft.exchange.ediscovery.exporttool.application [33m404 [0m0.889 ms - 1073[0m
[0mGET /s/dnc/_/;/META-INF/maven/com.atlassian.jira/jira-webapp-dist/pom.properties [33m404 [0m3.596 ms - 1073[0m
[0mGET /.DS_Store [33m404 [0m0.505 ms - 1073[0m
[0mGET /.git/config [33m404 [0m2.083 ms - 1073[0m
[0mGET /?rest_route=/wp/v2/users/ [32m200 [0m1.253 ms - 207[0m
[0mGET /server-status [33m404 [0m0.876 ms - 1073[0m
[0mGET /telescope/requests [33m404 [0m1.305 ms - 1073[0m
[0mGET /info.php [33m404 [0m0.570 ms - 1073[0m
[0mGET /.env [33m404 [0m0.580 ms - 1073[0m
[0mGET /login.action [33m404 [0m0.813 ms - 1073[0m
[0mGET /config.json [33m404 [0m0.839 ms - 1073[0m
[0mGET / [32m200 [0m0.685 ms - 207[0m
[0mGET /.env [33m404 [0m0.792 ms - 1073[0m
[0mPOST / [33m404 [0m1.321 ms - 1073[0m
[0mGET / [32m200 [0m0.765 ms - 207[0m
[0mGET / [32m200 [0m0.721 ms - 207[0m
[0mGET /.env [33m404 [0m0.673 ms - 1073[0m
[0mPOST / [33m404 [0m1.403 ms - 1073[0m
[0mGET /.env [33m404 [0m0.717 ms - 1073[0m
[0mPOST / [33m404 [0m0.986 ms - 1073[0m
[0mGET / [32m200 [0m0.739 ms - 207[0m
[0mGET / [32m200 [0m0.823 ms - 207[0m
[0mGET / [32m200 [0m0.751 ms - 207[0m
[0mGET /.env [33m404 [0m0.761 ms - 1073[0m
[0mPOST / [33m404 [0m1.310 ms - 1073[0m
[0mHEAD /robots.txt [33m404 [0m0.831 ms - 1073[0m
[0mPOST /boaform/admin/formLogin [33m404 [0m0.871 ms - 1073[0m
[0mGET /.env [33m404 [0m0.696 ms - 1073[0m
[0mPOST / [33m404 [0m0.868 ms - 1073[0m
[0mGET / [32m200 [0m0.748 ms - 207[0m
[0mGET http://example.com/ [32m200 [0m0.744 ms - 207[0m
[0mPOST /boaform/admin/formLogin [33m404 [0m0.901 ms - 1073[0m
[0mGET / [32m200 [0m0.732 ms - 207[0m
[0mGET / [36m304 [0m0.752 ms - -[0m
[0mGET / [32m200 [0m0.741 ms - 207[0m
[0mGET /stylesheets/style.css [36m304 [0m1.619 ms - -[0m
[0mGET /.env [33m404 [0m0.744 ms - 1073[0m
[0mPOST / [33m404 [0m24.904 ms - 1073[0m
[0mGET / [32m200 [0m0.699 ms - 207[0m
[0mGET / [32m200 [0m0.692 ms - 207[0m
[0mGET / [32m200 [0m0.718 ms - 207[0m
[0mGET / [32m200 [0m0.710 ms - 207[0m
[0mGET /robots.txt [33m404 [0m0.796 ms - 1073[0m
[0mGET /sitemap.xml [33m404 [0m0.912 ms - 1073[0m
[0mGET /.well-known/security.txt [33m404 [0m0.928 ms - 1073[0m
[0mGET /favicon.ico [33m404 [0m0.813 ms - 1073[0m
[0mGET / [32m200 [0m0.669 ms - 207[0m
[0mGET /.env [33m404 [0m0.742 ms - 1073[0m
[0mPOST / [33m404 [0m0.863 ms - 1073[0m
[0mGET / [32m200 [0m0.678 ms - 207[0m
[0mGET / [32m200 [0m1.610 ms - 207[0m
[0mGET /stylesheets/style.css [32m200 [0m0.893 ms - 111[0m
[0mGET /favicon.ico [33m404 [0m1.233 ms - 1073[0m
[0mGET / [32m200 [0m1.015 ms - 207[0m
[0mGET / [32m200 [0m0.733 ms - 207[0m
[0mGET /Telerik.Web.UI.WebResource.axd?type=rau [33m404 [0m0.966 ms - 1073[0m
[0mGET /.env [33m404 [0m0.740 ms - 1073[0m
[0mPOST / [33m404 [0m1.145 ms - 1073[0m
[0mGET /Telerik.Web.UI.WebResource.axd?type=rau [33m404 [0m0.830 ms - 1073[0m
[0mGET / [32m200 [0m0.751 ms - 207[0m
[0mGET / [0m- [0m- ms - -[0m
[0mGET / [32m200 [0m0.741 ms - 207[0m
[0mGET /info.php [33m404 [0m1.177 ms - 1073[0m
[0mGET /.env [33m404 [0m0.519 ms - 1073[0m
[0mGET /.git/config [33m404 [0m2.105 ms - 1073[0m
[0mGET /server-status [33m404 [0m2.511 ms - 1073[0m
[0mGET /?rest_route=/wp/v2/users/ [32m200 [0m2.846 ms - 207[0m
[0mGET /.DS_Store [33m404 [0m0.484 ms - 1073[0m
[0mGET /telescope/requests [33m404 [0m0.684 ms - 1073[0m
[0mGET /ecp/Current/exporttool/microsoft.exchange.ediscovery.exporttool.application [33m404 [0m0.593 ms - 1073[0m
[0mGET /s/dnc/_/;/META-INF/maven/com.atlassian.jira/jira-webapp-dist/pom.properties [33m404 [0m0.579 ms - 1073[0m
[0mGET /login.action [33m404 [0m0.802 ms - 1073[0m
[0mGET /config.json [33m404 [0m0.564 ms - 1073[0m
[0mGET / [32m200 [0m0.732 ms - 207[0m
[0mGET /.env [33m404 [0m0.715 ms - 1073[0m
[0mPOST / [33m404 [0m0.901 ms - 1073[0m
[0mGET /boaform/admin/formLogin?username=admin&psd=admin [33m404 [0m0.836 ms - 1073[0m
[0mGET / [32m200 [0m0.799 ms - 207[0m
[0mGET / [32m200 [0m0.760 ms - 207[0m
[0mGET / [32m200 [0m0.696 ms - 207[0m
[0mGET /.env [33m404 [0m0.753 ms - 1073[0m
[0mPOST / [33m404 [0m68.019 ms - 1073[0m
[0mGET / [32m200 [0m0.694 ms - 207[0m
[0mGET / [32m200 [0m0.691 ms - 207[0m
[0mPOST /GponForm/diag_Form?images/ [33m404 [0m0.714 ms - 1073[0m
[0mGET / [32m200 [0m0.714 ms - 207[0m
[0mGET /.env [33m404 [0m1.146 ms - 1073[0m
[0mPOST / [33m404 [0m0.871 ms - 1073[0m
[0mGET / [32m200 [0m1.272 ms - 207[0m
[0mGET / [32m200 [0m0.712 ms - 207[0m
[0mGET / [32m200 [0m0.774 ms - 207[0m
[0mGET / [32m200 [0m0.759 ms - 207[0m
[0mPOST / [33m404 [0m1.271 ms - 1073[0m
[0mGET /.env [33m404 [0m0.783 ms - 1073[0m
[0mGET / [32m200 [0m0.744 ms - 207[0m
[0mGET /.env [33m404 [0m0.715 ms - 1073[0m
[0mPOST / [33m404 [0m0.863 ms - 1073[0m
[0mGET /securityRealm/user/admin/search/index?q=a [33m404 [0m1.143 ms - 1073[0m
[0mGET / [32m200 [0m0.708 ms - 207[0m
[0mGET / [32m200 [0m2.038 ms - 207[0m
[0mPOST /mifs/.;/services/LogService [33m404 [0m0.726 ms - 1073[0m
[0mGET / [32m200 [0m0.728 ms - 207[0m
[0mGET /favicon.ico [33m404 [0m0.803 ms - 1073[0m
[0mGET /stalker_portal/server/tools/auth_simple.php [33m404 [0m0.816 ms - 1073[0m
[0mGET /.env [33m404 [0m0.729 ms - 1073[0m
[0mPOST / [33m404 [0m0.883 ms - 1073[0m
[0mGET / [32m200 [0m0.722 ms - 207[0m
[0mPOST / [33m404 [0m0.840 ms - 1073[0m
[0mGET /.env [33m404 [0m0.748 ms - 1073[0m
[0mGET /.env [33m404 [0m0.707 ms - 1073[0m
[0mPOST / [33m404 [0m75.760 ms - 1073[0m
[0mGET / [32m200 [0m1.200 ms - 207[0m
[0mGET / [32m200 [0m0.759 ms - 207[0m
[0mGET /.env [33m404 [0m0.722 ms - 1073[0m
[0mPOST / [33m404 [0m0.809 ms - 1073[0m
[0mGET / [32m200 [0m0.827 ms - 207[0m
[0mGET / [32m200 [0m0.737 ms - 207[0m
[0mGET / [32m200 [0m0.735 ms - 207[0m
[0mGET / [32m200 [0m0.726 ms - 207[0m
[0mGET / [32m200 [0m0.741 ms - 207[0m
[0mGET / [32m200 [0m0.738 ms - 207[0m
[0mGET / [32m200 [0m0.770 ms - 207[0m
[0mGET /.env [33m404 [0m0.768 ms - 1073[0m
[0mPOST / [33m404 [0m0.833 ms - 1073[0m
[0mPOST /vendor/phpunit/phpunit/src/Util/PHP/eval-stdin.php [33m404 [0m1.220 ms - 1073[0m
[0mPOST /vendor/phpunit/phpunit/src/Util/PHP/eval-stdin.php [33m404 [0m0.859 ms - 1073[0m
[0mGET / [32m200 [0m0.778 ms - 207[0m
[0mGET /vendor/phpunit/phpunit/src/Util/PHP/eval-stdin.php [33m404 [0m0.908 ms - 1073[0m
[0mPOST / [33m404 [0m0.897 ms - 1073[0m
[0mGET /.env [33m404 [0m0.718 ms - 1073[0m
[0mGET / [32m200 [0m0.716 ms - 207[0m
[0mGET /vendor/phpunit/phpunit/src/Util/PHP/eval-stdin.php [33m404 [0m23.388 ms - 1073[0m
[0mGET / [32m200 [0m0.723 ms - 207[0m
[0mGET /solr/admin/info/system?wt=json [33m404 [0m0.832 ms - 1073[0m
[0mGET /.env [33m404 [0m0.728 ms - 1073[0m
[0mPOST / [33m404 [0m0.827 ms - 1073[0m
[0mGET /index.php?s=/Index/\think\app/invokefunction&function=call_user_func_array&vars[0]=md5&vars[1][]=HelloThinkPHP21 [33m404 [0m0.815 ms - 1073[0m
[0mGET /index.php?s=/Index/\think\app/invokefunction&function=call_user_func_array&vars[0]=md5&vars[1][]=HelloThinkPHP21 [33m404 [0m0.832 ms - 1073[0m
[0mGET /.env [33m404 [0m0.703 ms - 1073[0m
[0mGET / [32m200 [0m0.700 ms - 207[0m
[0mGET / [32m200 [0m0.772 ms - 207[0m
[0mGET /wp-includes/wlwmanifest.xml [33m404 [0m0.845 ms - 1073[0m
[0mGET /xmlrpc.php?rsd [33m404 [0m0.812 ms - 1073[0m
[0mGET / [32m200 [0m0.738 ms - 207[0m
[0mGET /blog/wp-includes/wlwmanifest.xml [33m404 [0m0.852 ms - 1073[0m
[0mGET /web/wp-includes/wlwmanifest.xml [33m404 [0m0.829 ms - 1073[0m
[0mGET /wordpress/wp-includes/wlwmanifest.xml [33m404 [0m0.840 ms - 1073[0m
[0mGET /website/wp-includes/wlwmanifest.xml [33m404 [0m0.866 ms - 1073[0m
[0mGET /wp/wp-includes/wlwmanifest.xml [33m404 [0m0.805 ms - 1073[0m
[0mGET /news/wp-includes/wlwmanifest.xml [33m404 [0m0.799 ms - 1073[0m
[0mGET /2020/wp-includes/wlwmanifest.xml [33m404 [0m0.803 ms - 1073[0m
[0mGET /2019/wp-includes/wlwmanifest.xml [33m404 [0m0.869 ms - 1073[0m
[0mGET /shop/wp-includes/wlwmanifest.xml [33m404 [0m0.815 ms - 1073[0m
[0mGET /wp1/wp-includes/wlwmanifest.xml [33m404 [0m0.785 ms - 1073[0m
[0mGET /test/wp-includes/wlwmanifest.xml [33m404 [0m0.819 ms - 1073[0m
[0mGET /wp2/wp-includes/wlwmanifest.xml [33m404 [0m0.888 ms - 1073[0m
[0mGET /site/wp-includes/wlwmanifest.xml [33m404 [0m0.858 ms - 1073[0m
[0mGET /cms/wp-includes/wlwmanifest.xml [33m404 [0m3.984 ms - 1073[0m
[0mGET /sito/wp-includes/wlwmanifest.xml [33m404 [0m0.811 ms - 1073[0m
[0mGET /.env [33m404 [0m0.738 ms - 1073[0m
[0mPOST / [33m404 [0m0.829 ms - 1073[0m
[0mGET /.env [33m404 [0m0.688 ms - 1073[0m
[0mGET / [36m304 [0m4.352 ms - -[0m
[0mGET /stylesheets/style.css [36m304 [0m0.403 ms - -[0m
[0mGET /?a=fetch&content=<php>die(@md5(HelloThinkCMF))</php> [32m200 [0m0.725 ms - 207[0m
[0mGET / [32m200 [0m0.704 ms - 207[0m
[0mGET /.aws/credentials [33m404 [0m0.841 ms - 1073[0m
[0mGET /.env [33m404 [0m0.710 ms - 1073[0m
[0mPOST / [33m404 [0m0.851 ms - 1073[0m
[0mGET / [32m200 [0m0.710 ms - 207[0m
[0mGET / [32m200 [0m0.706 ms - 207[0m
[0mGET /?XDEBUG_SESSION_START=phpstorm [32m200 [0m0.720 ms - 207[0m
[0mGET /?XDEBUG_SESSION_START=phpstorm [32m200 [0m0.654 ms - 207[0m
[0mPOST / [33m404 [0m0.847 ms - 1073[0m
[0mGET /.env [33m404 [0m0.713 ms - 1073[0m
[0mOPTIONS / [32m200 [0m2.259 ms - 8[0m
[0mGET / [36m304 [0m0.771 ms - -[0m
[0mGET /stylesheets/style.css [36m304 [0m0.326 ms - -[0m
[0mGET /naver [33m404 [0m0.845 ms - 1073[0m
[0mGET /naver/index.html [33m404 [0m0.842 ms - 1073[0m
[0mGET / [32m200 [0m0.694 ms - 207[0m
[0mGET / [32m200 [0m0.725 ms - 207[0m
[0mGET /stylesheets/style.css [32m200 [0m1.358 ms - 111[0m
[0mGET /favicon.ico [33m404 [0m0.834 ms - 1073[0m
[0mGET / [32m200 [0m0.711 ms - 207[0m
[0mGET / [36m304 [0m0.731 ms - -[0m
[0mGET /stylesheets/style.css [36m304 [0m0.293 ms - -[0m
[0mGET /naver [33m404 [0m4.861 ms - 1073[0m
[0mGET /naver/ [33m404 [0m0.810 ms - 1073[0m
[0mGET / [36m304 [0m0.766 ms - -[0m
[0mGET /stylesheets/style.css [36m304 [0m0.289 ms - -[0m
[0mGET / [36m304 [0m1.056 ms - -[0m
[0mGET /stylesheets/style.css [36m304 [0m0.324 ms - -[0m
[0mGET / [36m304 [0m0.790 ms - -[0m
[0mGET /stylesheets/style.css [36m304 [0m0.283 ms - -[0m
[0mGET / [36m304 [0m0.746 ms - -[0m
[0mGET /stylesheets/style.css [36m304 [0m0.319 ms - -[0m
[0mGET / [36m304 [0m0.725 ms - -[0m
[0mGET /stylesheets/style.css [36m304 [0m0.265 ms - -[0m

Usage: npm <command>

where <command> is one of:
    access, adduser, audit, bin, bugs, c, cache, ci, cit,
    clean-install, clean-install-test, completion, config,
    create, ddp, dedupe, deprecate, dist-tag, docs, doctor,
    edit, explore, fund, get, help, help-search, hook, i, init,
    install, install-ci-test, install-test, it, link, list, ln,
    login, logout, ls, org, outdated, owner, pack, ping, prefix,
    profile, prune, publish, rb, rebuild, repo, restart, root,
    run, run-script, s, se, search, set, shrinkwrap, star,
    stars, start, stop, t, team, test, token, tst, un,
    uninstall, unpublish, unstar, up, update, v, version, view,
    whoami

npm <command> -h  quick help on <command>
npm -l            display full usage info
npm help <term>   search for help on <term>
npm help npm      involved overview

Specify configs in the ini-formatted file:
    /home/ubuntu/.npmrc
or on the command line via: npm <command> --key value
Config info can be viewed via: npm help config

npm@6.14.4 /usr/share/npm


Usage: npm <command>

where <command> is one of:
    access, adduser, audit, bin, bugs, c, cache, ci, cit,
    clean-install, clean-install-test, completion, config,
    create, ddp, dedupe, deprecate, dist-tag, docs, doctor,
    edit, explore, fund, get, help, help-search, hook, i, init,
    install, install-ci-test, install-test, it, link, list, ln,
    login, logout, ls, org, outdated, owner, pack, ping, prefix,
    profile, prune, publish, rb, rebuild, repo, restart, root,
    run, run-script, s, se, search, set, shrinkwrap, star,
    stars, start, stop, t, team, test, token, tst, un,
    uninstall, unpublish, unstar, up, update, v, version, view,
    whoami

npm <command> -h  quick help on <command>
npm -l            display full usage info
npm help <term>   search for help on <term>
npm help npm      involved overview

Specify configs in the ini-formatted file:
    /root/.npmrc
or on the command line via: npm <command> --key value
Config info can be viewed via: npm help config

npm@6.14.4 /usr/share/npm

Express server listening on port8080
[0mGET / [36m304 [0m5.809 ms - -[0m
[0mGET /style.css [36m304 [0m0.960 ms - -[0m
[0mGET /reset.css [36m304 [0m0.466 ms - -[0m
[0mGET /css/header.css [36m304 [0m0.325 ms - -[0m
[0mGET /css/best-contnet.css [36m304 [0m0.345 ms - -[0m
[0mGET /main.js [36m304 [0m0.309 ms - -[0m
[0mGET / [36m304 [0m0.462 ms - -[0m
[0mGET /style.css [36m304 [0m0.428 ms - -[0m
[0mGET /reset.css [36m304 [0m0.305 ms - -[0m
[0mGET /main.js [36m304 [0m0.382 ms - -[0m
[0mGET /css/header.css [36m304 [0m0.640 ms - -[0m
[0mGET /css/best-contnet.css [36m304 [0m0.652 ms - -[0m
[0mGET / [36m304 [0m0.437 ms - -[0m
[0mGET /main.js [36m304 [0m0.380 ms - -[0m
[0mGET /style.css [36m304 [0m0.922 ms - -[0m
[0mGET /reset.css [36m304 [0m0.901 ms - -[0m
[0mGET /css/header.css [36m304 [0m0.924 ms - -[0m
[0mGET /css/best-contnet.css [36m304 [0m0.328 ms - -[0m
[0mGET / [36m304 [0m0.497 ms - -[0m
[0mGET /main.js [36m304 [0m0.328 ms - -[0m
[0mGET /style.css [36m304 [0m0.328 ms - -[0m
[0mGET /reset.css [36m304 [0m0.547 ms - -[0m
[0mGET /css/header.css [36m304 [0m0.560 ms - -[0m
[0mGET /css/best-contnet.css [36m304 [0m0.301 ms - -[0m
